<?xml version="1.0" encoding="UTF-8"?>
<testng-results skipped="0" failed="0" ignored="1" total="2" passed="1">
  <reporter-output>
  </reporter-output>
  <suite name="Suite" duration-ms="57" started-at="2018-11-20T19:55:54 IST" finished-at="2018-11-20T19:55:54 IST">
    <groups>
    </groups>
    <test name="Test" duration-ms="57" started-at="2018-11-20T19:55:54 IST" finished-at="2018-11-20T19:55:54 IST">
      <class name="Selenium_MyProject.Selenium_MyProject1.AppTest">
        <test-method status="PASS" signature="apptes()[pri:0, instance:Selenium_MyProject.Selenium_MyProject1.AppTest@783e6358]" name="apptes" duration-ms="6" started-at="2018-11-20T19:55:54 IST" finished-at="2018-11-20T19:55:54 IST">
          <reporter-output>
          </reporter-output>
        </test-method> <!-- apptes -->
      </class> <!-- Selenium_MyProject.Selenium_MyProject1.AppTest -->
    </test> <!-- Test -->
  </suite> <!-- Suite -->
</testng-results>
