<?xml version="1.0" encoding="UTF-8"?>
<!-- Generated by org.testng.reporters.JUnitXMLReporter -->
<testsuite hostname="01HW909319" ignored="1" name="Test" tests="1" failures="0" timestamp="2018-11-20T19:55:54 IST" time="0.057" errors="0">
  <testcase name="apptes" time="0.006" classname="Selenium_MyProject.Selenium_MyProject1.AppTest"/>
  <testcase name="apptes1" time="0.0" classname="Selenium_MyProject.Selenium_MyProject1.AppTest">
    <ignored/>
  </testcase> <!-- apptes1 -->
</testsuite> <!-- Test -->
